2017-11-09 03:37:35 -- Error del Sistema: # 23000 Hay duplicidad de información, el PK ya existe En el archivo D:\xampp\htdocs\WhatFood\V2\model\user.model.php --> 33

2017-11-09 03:59:33 -- Error del Sistema: # 23000 Hay duplicidad de información, el PK ya existe En el archivo D:\xampp\htdocs\WhatFood\V2\model\user.model.php --> 33

2017-11-09 12:06:23 -- Error del Sistema: # 23000 Hay duplicidad de información, el PK ya existe En el archivo D:\xampp\htdocs\WhatFood\V2\model\user.model.php --> 33

2017-11-09 01:13:18 -- Error del Sistema: # 23000 Hay duplicidad de información, el PK ya existe En el archivo D:\xampp\htdocs\WhatFood\V2\model\user.model.php --> 33

2017-11-09 01:14:24 -- Error del Sistema: # 23000 Hay duplicidad de información, el PK ya existe En el archivo D:\xampp\htdocs\WhatFood\V2\model\user.model.php --> 33

2017-11-09 01:15:03 -- Error del Sistema: # 23000 Hay duplicidad de información, el PK ya existe En el archivo D:\xampp\htdocs\WhatFood\V2\model\user.model.php --> 33

2017-11-09 01:15:36 -- Error del Sistema: # 23000 Hay duplicidad de información, el PK ya existe En el archivo D:\xampp\htdocs\WhatFood\V2\model\user.model.php --> 33

2017-11-09 01:18:05 -- Error del Sistema: # 23000 Hay duplicidad de información, el PK ya existe En el archivo D:\xampp\htdocs\WhatFood\V2\model\user.model.php --> 33

2017-11-09 01:20:20 -- Error del Sistema: # 23000 Hay duplicidad de información, el PK ya existe En el archivo D:\xampp\htdocs\WhatFood\V2\model\user.model.php --> 33

2017-11-09 01:21:18 -- Error del Sistema: # 23000 Hay duplicidad de información, el PK ya existe En el archivo D:\xampp\htdocs\WhatFood\V2\model\user.model.php --> 33

2017-11-09 01:28:18 -- Error del Sistema: # 23000 Hay duplicidad de información, el PK ya existe En el archivo D:\xampp\htdocs\WhatFood\V2\model\user.model.php --> 31

2017-11-09 01:29:42 -- Error del Sistema: # 23000 Hay duplicidad de información, el PK ya existe En el archivo D:\xampp\htdocs\WhatFood\V2\model\user.model.php --> 31

2017-11-09 01:30:00 -- Error del Sistema: # 23000 Hay duplicidad de información, el PK ya existe En el archivo D:\xampp\htdocs\WhatFood\V2\model\user.model.php --> 31

2017-11-09 01:37:36 -- Error del Sistema: # 23000 Hay duplicidad de información, el PK ya existe En el archivo D:\xampp\htdocs\WhatFood\V2\model\user.model.php --> 32

2017-11-09 01:37:38 -- Error del Sistema: # 23000 Hay duplicidad de información, el PK ya existe En el archivo D:\xampp\htdocs\WhatFood\V2\model\user.model.php --> 32

2017-11-09 01:37:42 -- Error del Sistema: # 23000 Hay duplicidad de información, el PK ya existe En el archivo D:\xampp\htdocs\WhatFood\V2\model\user.model.php --> 32

2017-11-09 01:37:59 -- Error del Sistema: # 23000 Hay duplicidad de información, el PK ya existe En el archivo D:\xampp\htdocs\WhatFood\V2\model\user.model.php --> 32

2017-11-09 01:38:02 -- Error del Sistema: # 23000 Hay duplicidad de información, el PK ya existe En el archivo D:\xampp\htdocs\WhatFood\V2\model\user.model.php --> 32

2017-11-09 01:38:19 -- Error del Sistema: # 23000 Hay duplicidad de información, el PK ya existe En el archivo D:\xampp\htdocs\WhatFood\V2\model\user.model.php --> 32

2017-11-09 01:38:33 -- Error del Sistema: # 23000 Hay duplicidad de información, el PK ya existe En el archivo D:\xampp\htdocs\WhatFood\V2\model\user.model.php --> 33

2017-11-09 01:38:54 -- Error del Sistema: # 23000 Hay duplicidad de información, el PK ya existe En el archivo D:\xampp\htdocs\WhatFood\V2\model\user.model.php --> 34

2017-11-09 01:39:01 -- Error del Sistema: # 23000 Hay duplicidad de información, el PK ya existe En el archivo D:\xampp\htdocs\WhatFood\V2\model\user.model.php --> 34

2017-11-09 01:39:10 -- Error del Sistema: # 23000 Hay duplicidad de información, el PK ya existe En el archivo D:\xampp\htdocs\WhatFood\V2\model\user.model.php --> 34

2017-11-09 01:39:21 -- Error del Sistema: # 23000 Hay duplicidad de información, el PK ya existe En el archivo D:\xampp\htdocs\WhatFood\V2\model\user.model.php --> 34

2017-11-09 01:39:42 -- Error del Sistema: # 42S02 La tabla no existe o la escribio mal En el archivo D:\xampp\htdocs\WhatFood\V2\model\user.model.php --> 40

2017-11-09 01:40:04 -- Error del Sistema: # 23000 Hay duplicidad de información, el PK ya existe En el archivo D:\xampp\htdocs\WhatFood\V2\model\user.model.php --> 34

2017-11-09 01:45:09 -- Error del Sistema: # 42S02 La tabla no existe o la escribio mal En el archivo D:\xampp\htdocs\WhatFood\V2\model\user.model.php --> 41

2017-11-09 01:51:25 -- Error del Sistema: # 23000 Hay duplicidad de información, el PK ya existe En el archivo D:\xampp\htdocs\WhatFood\V2\model\user.model.php --> 36

2017-11-09 01:53:24 -- Error del Sistema: # 23000 Hay duplicidad de información, el PK ya existe En el archivo D:\xampp\htdocs\WhatFood\V2\model\user.model.php --> 37

2017-11-09 01:53:35 -- Error del Sistema: # 23000 Hay duplicidad de información, el PK ya existe En el archivo D:\xampp\htdocs\WhatFood\V2\model\user.model.php --> 38

2017-11-09 01:53:52 -- Error del Sistema: # 23000 Hay duplicidad de información, el PK ya existe En el archivo D:\xampp\htdocs\WhatFood\V2\model\user.model.php --> 38

2017-11-09 01:54:21 -- Error del Sistema: # 23000 Hay duplicidad de información, el PK ya existe En el archivo D:\xampp\htdocs\WhatFood\V2\model\user.model.php --> 38

2017-11-09 01:54:35 -- Error del Sistema: # 23000 Hay duplicidad de información, el PK ya existe En el archivo D:\xampp\htdocs\WhatFood\V2\model\user.model.php --> 38

2017-11-09 02:00:53 -- Error del Sistema: # 23000 Hay duplicidad de información, el PK ya existe En el archivo D:\xampp\htdocs\WhatFood\V2\model\user.model.php --> 38

2017-11-09 02:01:40 -- Error del Sistema: # 23000 Hay duplicidad de información, el PK ya existe En el archivo D:\xampp\htdocs\WhatFood\V2\model\user.model.php --> 38

2017-11-09 02:01:48 -- Error del Sistema: # 23000 Hay duplicidad de información, el PK ya existe En el archivo D:\xampp\htdocs\WhatFood\V2\model\user.model.php --> 38

2017-11-09 02:01:49 -- Error del Sistema: # 23000 Hay duplicidad de información, el PK ya existe En el archivo D:\xampp\htdocs\WhatFood\V2\model\user.model.php --> 38

2017-11-09 02:01:49 -- Error del Sistema: # 23000 Hay duplicidad de información, el PK ya existe En el archivo D:\xampp\htdocs\WhatFood\V2\model\user.model.php --> 38

2017-11-09 02:01:50 -- Error del Sistema: # 23000 Hay duplicidad de información, el PK ya existe En el archivo D:\xampp\htdocs\WhatFood\V2\model\user.model.php --> 38

2017-11-09 02:01:50 -- Error del Sistema: # 23000 Hay duplicidad de información, el PK ya existe En el archivo D:\xampp\htdocs\WhatFood\V2\model\user.model.php --> 38

2017-11-09 02:01:51 -- Error del Sistema: # 23000 Hay duplicidad de información, el PK ya existe En el archivo D:\xampp\htdocs\WhatFood\V2\model\user.model.php --> 38

2017-11-09 02:01:52 -- Error del Sistema: # 23000 Hay duplicidad de información, el PK ya existe En el archivo D:\xampp\htdocs\WhatFood\V2\model\user.model.php --> 38

2017-11-09 02:03:37 -- Error del Sistema: # 23000 Hay duplicidad de información, el PK ya existe En el archivo D:\xampp\htdocs\WhatFood\V2\model\user.model.php --> 39

2017-11-09 02:03:43 -- Error del Sistema: # 23000 Hay duplicidad de información, el PK ya existe En el archivo D:\xampp\htdocs\WhatFood\V2\model\user.model.php --> 39

2017-11-09 02:03:52 -- Error del Sistema: # 23000 Hay duplicidad de información, el PK ya existe En el archivo D:\xampp\htdocs\WhatFood\V2\model\user.model.php --> 39

2017-11-09 02:03:53 -- Error del Sistema: # 23000 Hay duplicidad de información, el PK ya existe En el archivo D:\xampp\htdocs\WhatFood\V2\model\user.model.php --> 39

2017-11-09 02:03:54 -- Error del Sistema: # 23000 Hay duplicidad de información, el PK ya existe En el archivo D:\xampp\htdocs\WhatFood\V2\model\user.model.php --> 39

2017-11-09 02:03:54 -- Error del Sistema: # 23000 Hay duplicidad de información, el PK ya existe En el archivo D:\xampp\htdocs\WhatFood\V2\model\user.model.php --> 39

2017-11-09 02:03:54 -- Error del Sistema: # 23000 Hay duplicidad de información, el PK ya existe En el archivo D:\xampp\htdocs\WhatFood\V2\model\user.model.php --> 39

2017-11-09 02:03:55 -- Error del Sistema: # 23000 Hay duplicidad de información, el PK ya existe En el archivo D:\xampp\htdocs\WhatFood\V2\model\user.model.php --> 39

2017-11-09 02:03:55 -- Error del Sistema: # 23000 Hay duplicidad de información, el PK ya existe En el archivo D:\xampp\htdocs\WhatFood\V2\model\user.model.php --> 39

2017-11-09 02:03:55 -- Error del Sistema: # 23000 Hay duplicidad de información, el PK ya existe En el archivo D:\xampp\htdocs\WhatFood\V2\model\user.model.php --> 39

2017-11-09 02:03:55 -- Error del Sistema: # 23000 Hay duplicidad de información, el PK ya existe En el archivo D:\xampp\htdocs\WhatFood\V2\model\user.model.php --> 39

2017-11-09 02:03:56 -- Error del Sistema: # 23000 Hay duplicidad de información, el PK ya existe En el archivo D:\xampp\htdocs\WhatFood\V2\model\user.model.php --> 39

2017-11-09 02:03:57 -- Error del Sistema: # 23000 Hay duplicidad de información, el PK ya existe En el archivo D:\xampp\htdocs\WhatFood\V2\model\user.model.php --> 39

2017-11-09 02:03:57 -- Error del Sistema: # 23000 Hay duplicidad de información, el PK ya existe En el archivo D:\xampp\htdocs\WhatFood\V2\model\user.model.php --> 39

2017-11-09 02:03:59 -- Error del Sistema: # 23000 Hay duplicidad de información, el PK ya existe En el archivo D:\xampp\htdocs\WhatFood\V2\model\user.model.php --> 39

2017-11-09 02:05:09 -- Error del Sistema: # 23000 Hay duplicidad de información, el PK ya existe En el archivo D:\xampp\htdocs\WhatFood\V2\model\user.model.php --> 39

2017-11-09 02:05:11 -- Error del Sistema: # 23000 Hay duplicidad de información, el PK ya existe En el archivo D:\xampp\htdocs\WhatFood\V2\model\user.model.php --> 39

2017-11-09 02:05:12 -- Error del Sistema: # 23000 Hay duplicidad de información, el PK ya existe En el archivo D:\xampp\htdocs\WhatFood\V2\model\user.model.php --> 39

2017-11-09 02:05:13 -- Error del Sistema: # 23000 Hay duplicidad de información, el PK ya existe En el archivo D:\xampp\htdocs\WhatFood\V2\model\user.model.php --> 39

2017-11-09 02:05:13 -- Error del Sistema: # 23000 Hay duplicidad de información, el PK ya existe En el archivo D:\xampp\htdocs\WhatFood\V2\model\user.model.php --> 39

2017-11-09 02:05:20 -- Error del Sistema: # 23000 Hay duplicidad de información, el PK ya existe En el archivo D:\xampp\htdocs\WhatFood\V2\model\user.model.php --> 39

2017-11-09 02:05:21 -- Error del Sistema: # 23000 Hay duplicidad de información, el PK ya existe En el archivo D:\xampp\htdocs\WhatFood\V2\model\user.model.php --> 39

2017-11-09 02:05:22 -- Error del Sistema: # 23000 Hay duplicidad de información, el PK ya existe En el archivo D:\xampp\htdocs\WhatFood\V2\model\user.model.php --> 39

2017-11-09 02:05:22 -- Error del Sistema: # 23000 Hay duplicidad de información, el PK ya existe En el archivo D:\xampp\htdocs\WhatFood\V2\model\user.model.php --> 39

2017-11-09 02:05:23 -- Error del Sistema: # 23000 Hay duplicidad de información, el PK ya existe En el archivo D:\xampp\htdocs\WhatFood\V2\model\user.model.php --> 39

2017-11-09 02:07:40 -- Error del Sistema: # 23000 Hay duplicidad de información, el PK ya existe En el archivo D:\xampp\htdocs\WhatFood\V2\model\user.model.php --> 40

2017-11-09 02:07:52 -- Error del Sistema: # 23000 Hay duplicidad de información, el PK ya existe En el archivo D:\xampp\htdocs\WhatFood\V2\model\user.model.php --> 40

2017-11-09 02:08:46 -- Error del Sistema: # 23000 Hay duplicidad de información, el PK ya existe En el archivo D:\xampp\htdocs\WhatFood\V2\model\user.model.php --> 40

2017-11-09 02:08:47 -- Error del Sistema: # 23000 Hay duplicidad de información, el PK ya existe En el archivo D:\xampp\htdocs\WhatFood\V2\model\user.model.php --> 40

2017-11-09 02:08:47 -- Error del Sistema: # 23000 Hay duplicidad de información, el PK ya existe En el archivo D:\xampp\htdocs\WhatFood\V2\model\user.model.php --> 40

2017-11-09 02:08:48 -- Error del Sistema: # 23000 Hay duplicidad de información, el PK ya existe En el archivo D:\xampp\htdocs\WhatFood\V2\model\user.model.php --> 40

2017-11-09 02:08:49 -- Error del Sistema: # 23000 Hay duplicidad de información, el PK ya existe En el archivo D:\xampp\htdocs\WhatFood\V2\model\user.model.php --> 40

2017-11-09 02:08:50 -- Error del Sistema: # 23000 Hay duplicidad de información, el PK ya existe En el archivo D:\xampp\htdocs\WhatFood\V2\model\user.model.php --> 40

2017-11-09 02:08:50 -- Error del Sistema: # 23000 Hay duplicidad de información, el PK ya existe En el archivo D:\xampp\htdocs\WhatFood\V2\model\user.model.php --> 40

2017-11-09 02:08:51 -- Error del Sistema: # 23000 Hay duplicidad de información, el PK ya existe En el archivo D:\xampp\htdocs\WhatFood\V2\model\user.model.php --> 40

2017-11-09 02:08:52 -- Error del Sistema: # 23000 Hay duplicidad de información, el PK ya existe En el archivo D:\xampp\htdocs\WhatFood\V2\model\user.model.php --> 40

2017-11-09 02:08:53 -- Error del Sistema: # 23000 Hay duplicidad de información, el PK ya existe En el archivo D:\xampp\htdocs\WhatFood\V2\model\user.model.php --> 40

2017-11-09 02:08:54 -- Error del Sistema: # 23000 Hay duplicidad de información, el PK ya existe En el archivo D:\xampp\htdocs\WhatFood\V2\model\user.model.php --> 40

2017-11-09 02:08:54 -- Error del Sistema: # 23000 Hay duplicidad de información, el PK ya existe En el archivo D:\xampp\htdocs\WhatFood\V2\model\user.model.php --> 40

2017-11-09 02:08:55 -- Error del Sistema: # 23000 Hay duplicidad de información, el PK ya existe En el archivo D:\xampp\htdocs\WhatFood\V2\model\user.model.php --> 40

2017-11-09 02:08:56 -- Error del Sistema: # 23000 Hay duplicidad de información, el PK ya existe En el archivo D:\xampp\htdocs\WhatFood\V2\model\user.model.php --> 40

2017-11-09 02:11:12 -- Error del Sistema: # 23000 Hay duplicidad de información, el PK ya existe En el archivo D:\xampp\htdocs\WhatFood\V2\model\user.model.php --> 38

2017-11-09 02:11:19 -- Error del Sistema: # 23000 Hay duplicidad de información, el PK ya existe En el archivo D:\xampp\htdocs\WhatFood\V2\model\user.model.php --> 38

2017-11-09 02:11:20 -- Error del Sistema: # 23000 Hay duplicidad de información, el PK ya existe En el archivo D:\xampp\htdocs\WhatFood\V2\model\user.model.php --> 38

2017-11-09 02:11:21 -- Error del Sistema: # 23000 Hay duplicidad de información, el PK ya existe En el archivo D:\xampp\htdocs\WhatFood\V2\model\user.model.php --> 38

2017-11-09 02:11:22 -- Error del Sistema: # 23000 Hay duplicidad de información, el PK ya existe En el archivo D:\xampp\htdocs\WhatFood\V2\model\user.model.php --> 38

2017-11-09 02:11:22 -- Error del Sistema: # 23000 Hay duplicidad de información, el PK ya existe En el archivo D:\xampp\htdocs\WhatFood\V2\model\user.model.php --> 38

2017-11-09 02:11:22 -- Error del Sistema: # 23000 Hay duplicidad de información, el PK ya existe En el archivo D:\xampp\htdocs\WhatFood\V2\model\user.model.php --> 38

2017-11-09 02:11:23 -- Error del Sistema: # 23000 Hay duplicidad de información, el PK ya existe En el archivo D:\xampp\htdocs\WhatFood\V2\model\user.model.php --> 38

2017-11-09 02:11:23 -- Error del Sistema: # 23000 Hay duplicidad de información, el PK ya existe En el archivo D:\xampp\htdocs\WhatFood\V2\model\user.model.php --> 38

2017-11-09 02:11:24 -- Error del Sistema: # 23000 Hay duplicidad de información, el PK ya existe En el archivo D:\xampp\htdocs\WhatFood\V2\model\user.model.php --> 38

2017-11-09 02:11:24 -- Error del Sistema: # 23000 Hay duplicidad de información, el PK ya existe En el archivo D:\xampp\htdocs\WhatFood\V2\model\user.model.php --> 38

2017-11-09 02:11:24 -- Error del Sistema: # 23000 Hay duplicidad de información, el PK ya existe En el archivo D:\xampp\htdocs\WhatFood\V2\model\user.model.php --> 38

2017-11-09 02:11:25 -- Error del Sistema: # 23000 Hay duplicidad de información, el PK ya existe En el archivo D:\xampp\htdocs\WhatFood\V2\model\user.model.php --> 38

2017-11-09 02:11:57 -- Error del Sistema: # 42S02 La tabla no existe o la escribio mal En el archivo D:\xampp\htdocs\WhatFood\V2\model\user.model.php --> 44

2017-11-09 02:12:00 -- Error del Sistema: # 42S02 La tabla no existe o la escribio mal En el archivo D:\xampp\htdocs\WhatFood\V2\model\user.model.php --> 44

2017-11-09 02:12:00 -- Error del Sistema: # 23000 Hay duplicidad de información, el PK ya existe En el archivo D:\xampp\htdocs\WhatFood\V2\model\user.model.php --> 38

2017-11-09 02:12:01 -- Error del Sistema: # 42S02 La tabla no existe o la escribio mal En el archivo D:\xampp\htdocs\WhatFood\V2\model\user.model.php --> 44

2017-11-09 02:12:01 -- Error del Sistema: # 23000 Hay duplicidad de información, el PK ya existe En el archivo D:\xampp\htdocs\WhatFood\V2\model\user.model.php --> 38

2017-11-09 02:12:02 -- Error del Sistema: # 42S02 La tabla no existe o la escribio mal En el archivo D:\xampp\htdocs\WhatFood\V2\model\user.model.php --> 44

2017-11-09 02:12:02 -- Error del Sistema: # 23000 Hay duplicidad de información, el PK ya existe En el archivo D:\xampp\htdocs\WhatFood\V2\model\user.model.php --> 38

2017-11-09 02:12:03 -- Error del Sistema: # 42S02 La tabla no existe o la escribio mal En el archivo D:\xampp\htdocs\WhatFood\V2\model\user.model.php --> 44

2017-11-09 02:12:05 -- Error del Sistema: # 42S02 La tabla no existe o la escribio mal En el archivo D:\xampp\htdocs\WhatFood\V2\model\user.model.php --> 44

2017-11-09 02:12:06 -- Error del Sistema: # 42S02 La tabla no existe o la escribio mal En el archivo D:\xampp\htdocs\WhatFood\V2\model\user.model.php --> 44

2017-11-09 02:12:07 -- Error del Sistema: # 42S02 La tabla no existe o la escribio mal En el archivo D:\xampp\htdocs\WhatFood\V2\model\user.model.php --> 44

2017-11-09 02:12:07 -- Error del Sistema: # 23000 Hay duplicidad de información, el PK ya existe En el archivo D:\xampp\htdocs\WhatFood\V2\model\user.model.php --> 38

2017-11-09 02:12:20 -- Error del Sistema: # 42S02 La tabla no existe o la escribio mal En el archivo D:\xampp\htdocs\WhatFood\V2\model\user.model.php --> 44

2017-11-09 02:12:23 -- Error del Sistema: # 42S02 La tabla no existe o la escribio mal En el archivo D:\xampp\htdocs\WhatFood\V2\model\user.model.php --> 44

2017-11-09 02:12:24 -- Error del Sistema: # 42S02 La tabla no existe o la escribio mal En el archivo D:\xampp\htdocs\WhatFood\V2\model\user.model.php --> 44

2017-11-09 02:12:25 -- Error del Sistema: # 42S02 La tabla no existe o la escribio mal En el archivo D:\xampp\htdocs\WhatFood\V2\model\user.model.php --> 44

2017-11-09 02:15:21 -- Error del Sistema: # 42S02 La tabla no existe o la escribio mal En el archivo D:\xampp\htdocs\WhatFood\V2\model\user.model.php --> 44

2017-11-09 02:34:39 -- Error del Sistema: # 42S02 La tabla no existe o la escribio mal En el archivo D:\xampp\htdocs\WhatFood\V2\model\user.model.php --> 44

2017-11-09 03:26:59 -- Error del Sistema: # 42S02 La tabla no existe o la escribio mal En el archivo D:\xampp\htdocs\WhatFood\V2\model\user.model.php --> 44

2017-11-09 03:29:27 -- Error del Sistema: # 23000 Hay duplicidad de información, el PK ya existe En el archivo D:\xampp\htdocs\WhatFood\V2\model\user.model.php --> 44

2017-11-09 03:31:38 -- Error del Sistema: # 23000 Hay duplicidad de información, el PK ya existe En el archivo D:\xampp\htdocs\WhatFood\V2\model\user.model.php --> 44

2017-11-09 03:32:44 -- Error del Sistema: # 23000 Hay duplicidad de información, el PK ya existe En el archivo D:\xampp\htdocs\WhatFood\V2\model\user.model.php --> 40

2017-11-09 03:34:49 -- Error del Sistema: # 23000 Hay duplicidad de información, el PK ya existe En el archivo D:\xampp\htdocs\WhatFood\V2\model\user.model.php --> 40

2017-11-09 03:46:31 -- Error del Sistema: # 23000 Hay duplicidad de información, el PK ya existe En el archivo D:\xampp\htdocs\WhatFood\V2\model\user.model.php --> 41

2017-11-09 03:46:49 -- Error del Sistema: # 23000 Hay duplicidad de información, el PK ya existe En el archivo D:\xampp\htdocs\WhatFood\V2\model\user.model.php --> 41

2017-11-09 03:47:47 -- Error del Sistema: # 23000 Hay duplicidad de información, el PK ya existe En el archivo D:\xampp\htdocs\WhatFood\V2\model\user.model.php --> 41

2017-11-09 03:47:52 -- Error del Sistema: # 23000 Hay duplicidad de información, el PK ya existe En el archivo D:\xampp\htdocs\WhatFood\V2\model\user.model.php --> 41

2017-11-09 03:47:53 -- Error del Sistema: # 23000 Hay duplicidad de información, el PK ya existe En el archivo D:\xampp\htdocs\WhatFood\V2\model\user.model.php --> 41

2017-11-09 03:47:54 -- Error del Sistema: # 23000 Hay duplicidad de información, el PK ya existe En el archivo D:\xampp\htdocs\WhatFood\V2\model\user.model.php --> 41

2017-11-09 03:47:55 -- Error del Sistema: # 23000 Hay duplicidad de información, el PK ya existe En el archivo D:\xampp\htdocs\WhatFood\V2\model\user.model.php --> 41

2017-11-09 03:47:55 -- Error del Sistema: # 23000 Hay duplicidad de información, el PK ya existe En el archivo D:\xampp\htdocs\WhatFood\V2\model\user.model.php --> 37

2017-11-09 03:47:57 -- Error del Sistema: # 23000 Hay duplicidad de información, el PK ya existe En el archivo D:\xampp\htdocs\WhatFood\V2\model\user.model.php --> 41

2017-11-09 03:48:33 -- Error del Sistema: # 23000 Hay duplicidad de información, el PK ya existe En el archivo D:\xampp\htdocs\WhatFood\V2\model\user.model.php --> 41

2017-11-09 03:56:05 -- Error del Sistema: # 23000 Hay duplicidad de información, el PK ya existe En el archivo D:\xampp\htdocs\WhatFood\V2\model\user.model.php --> 41

2017-11-09 03:58:33 -- Error del Sistema: # 23000 Hay duplicidad de información, el PK ya existe En el archivo D:\xampp\htdocs\WhatFood\V2\model\user.model.php --> 39

2017-11-09 03:58:46 -- Error del Sistema: # 23000 Hay duplicidad de información, el PK ya existe En el archivo D:\xampp\htdocs\WhatFood\V2\model\user.model.php --> 39

2017-11-09 03:59:58 -- Error del Sistema: # 23000 Hay duplicidad de información, el PK ya existe En el archivo D:\xampp\htdocs\WhatFood\V2\model\user.model.php --> 39

2017-11-09 04:00:29 -- Error del Sistema: # 23000 Hay duplicidad de información, el PK ya existe En el archivo D:\xampp\htdocs\WhatFood\V2\model\user.model.php --> 39

2017-11-09 04:00:50 -- Error del Sistema: # 23000 Hay duplicidad de información, el PK ya existe En el archivo D:\xampp\htdocs\WhatFood\V2\model\user.model.php --> 39

2017-11-09 04:03:03 -- Error del Sistema: # 21000 SQLSTATE[21000]: Cardinality violation: 1242 Subquery returns more than 1 row En el archivo D:\xampp\htdocs\WhatFood\V2\model\user.model.php --> 73

2017-11-09 04:46:51 -- Error del Sistema: # 21S01 SQLSTATE[21S01]: Insert value list does not match column list: 1136 Column count doesn't match value count at row 1 En el archivo D:\xampp\htdocs\WhatFood\V2\model\user.model.php --> 39

2017-11-09 04:47:49 -- Error del Sistema: # 21S01 SQLSTATE[21S01]: Insert value list does not match column list: 1136 Column count doesn't match value count at row 1 En el archivo D:\xampp\htdocs\WhatFood\V2\model\user.model.php --> 39

2017-11-09 04:49:19 -- Error del Sistema: # HY093 Los comodines y los parametros no coinciden revise bien En el archivo D:\xampp\htdocs\WhatFood\V2\model\user.model.php --> 39

2017-11-09 04:49:29 -- Error del Sistema: # 21S01 SQLSTATE[21S01]: Insert value list does not match column list: 1136 Column count doesn't match value count at row 1 En el archivo D:\xampp\htdocs\WhatFood\V2\model\user.model.php --> 39

2017-11-09 04:49:39 -- Error del Sistema: # HY093 Los comodines y los parametros no coinciden revise bien En el archivo D:\xampp\htdocs\WhatFood\V2\model\user.model.php --> 39

2017-11-09 04:49:46 -- Error del Sistema: # 21S01 SQLSTATE[21S01]: Insert value list does not match column list: 1136 Column count doesn't match value count at row 1 En el archivo D:\xampp\htdocs\WhatFood\V2\model\user.model.php --> 39

2017-11-09 05:44:54 -- Error del Sistema: # 21000 SQLSTATE[21000]: Cardinality violation: 1242 Subquery returns more than 1 row En el archivo D:\xampp\htdocs\WhatFood\V2\model\user.model.php --> 73

2017-11-09 05:49:52 -- Error del Sistema: # 21000 SQLSTATE[21000]: Cardinality violation: 1242 Subquery returns more than 1 row En el archivo D:\xampp\htdocs\WhatFood\V2\model\user.model.php --> 73

2017-11-09 05:53:32 -- Error del Sistema: # 21000 SQLSTATE[21000]: Cardinality violation: 1242 Subquery returns more than 1 row En el archivo D:\xampp\htdocs\WhatFood\V2\model\user.model.php --> 73

2017-11-09 05:53:36 -- Error del Sistema: # 21000 SQLSTATE[21000]: Cardinality violation: 1242 Subquery returns more than 1 row En el archivo D:\xampp\htdocs\WhatFood\V2\model\user.model.php --> 73

2017-11-10 08:55:15 -- Error del Sistema: # 21000 SQLSTATE[21000]: Cardinality violation: 1242 Subquery returns more than 1 row En el archivo D:\xampp\htdocs\WhatFood\V2\model\user.model.php --> 90

2017-11-10 09:35:35 -- Error del Sistema: # 21000 SQLSTATE[21000]: Cardinality violation: 1242 Subquery returns more than 1 row En el archivo D:\xampp\htdocs\WhatFood\V2\model\user.model.php --> 90

2017-11-10 09:36:27 -- Error del Sistema: # 21000 SQLSTATE[21000]: Cardinality violation: 1242 Subquery returns more than 1 row En el archivo D:\xampp\htdocs\WhatFood\V2\model\user.model.php --> 90

